2016-08-04 23:32:51,357 [7] DEBUG TechTest01 - Controller Called (http://localhost:60511/)
2016-08-04 23:32:53,999 [7] DEBUG TechTest01 - Controller Called (http://localhost:60511/)
2016-08-04 23:34:21,745 [7] DEBUG TechTest01 - Controller Called (http://localhost:60511/)
2016-08-04 23:34:24,625 [9] INFO  TechTest01 - Lets log something here
2016-08-04 23:34:25,397 [9] DEBUG TechTest01 - Controller Called (http://localhost:60511/Products)
2016-08-04 23:34:25,400 [7] DEBUG TechTest01 - Controller Called (http://localhost:60511/)
2016-08-04 23:43:43,872 [23] INFO  TechTest01 - Lets log something here
2016-08-04 23:43:46,193 [23] DEBUG TechTest01 - Controller Called (http://localhost:60511/Products)
2016-08-04 23:58:46,119 [36] INFO  TechTest01 - Lets log something here
2016-08-04 23:58:49,631 [36] DEBUG TechTest01 - Controller Called (http://localhost:60511/Products)
2016-08-04 23:58:57,014 [30] DEBUG TechTest01 - Controller Called (http://localhost:60511/)
2016-08-04 23:58:57,462 [30] DEBUG TechTest01 - Controller Called (http://localhost:60511/)
2016-08-05 00:00:29,496 [5] DEBUG TechTest01 - Controller Called (http://localhost:60511/)
2016-08-05 00:00:32,276 [5] DEBUG TechTest01 - Controller Called (http://localhost:60511/)
2016-08-05 00:00:56,370 [6] INFO  TechTest01 - Lets log something here
2016-08-05 00:00:56,400 [6] DEBUG TechTest01 - Controller Called (http://localhost:60511/Products)
2016-08-05 00:01:02,012 [5] DEBUG TechTest01 - Controller Called (http://localhost:60511/Product/abc-sports-shorts)
2016-08-05 00:01:04,577 [5] INFO  TechTest01 - Lets log something here
2016-08-05 00:01:04,596 [5] DEBUG TechTest01 - Controller Called (http://localhost:60511/Products)
2016-08-05 00:01:07,673 [5] DEBUG TechTest01 - Controller Called (http://localhost:60511/)
2016-08-05 00:01:07,775 [5] DEBUG TechTest01 - Controller Called (http://localhost:60511/)
2016-08-05 00:01:11,039 [5] DEBUG TechTest01 - Controller Called (http://localhost:60511/Product/abc-sports-shorts)
2016-08-05 00:01:13,386 [5] INFO  TechTest01 - Lets log something here
2016-08-05 00:01:13,405 [5] DEBUG TechTest01 - Controller Called (http://localhost:60511/Products)
2016-08-05 00:18:41,567 [5] INFO  TechTest01 - Lets log something here
2016-08-05 00:18:41,575 [6] DEBUG TechTest01 - Controller Called (http://localhost:60511/)
2016-08-05 00:18:43,157 [6] DEBUG TechTest01 - Controller Called (http://localhost:60511/)
2016-08-05 00:18:43,158 [6] ERROR TechTest01 - Controller Error (http://localhost:60511/)
System.InvalidOperationException: The context cannot be used while the model is being created. This exception may be thrown if the context is used inside the OnModelCreating method or if the same context instance is accessed by multiple threads concurrently. Note that instance members of DbContext and related classes are not guaranteed to be thread safe.
   at System.Data.Entity.Internal.LazyInternalContext.InitializeContext()
   at System.Data.Entity.Internal.InternalContext.GetEntitySetAndBaseTypeForType(Type entityType)
   at System.Data.Entity.Internal.Linq.InternalSet`1.Initialize()
   at System.Data.Entity.Internal.Linq.InternalSet`1.get_InternalContext()
   at System.Data.Entity.Infrastructure.DbQuery`1.System.Linq.IQueryable.get_Provider()
   at System.Linq.Queryable.Select[TSource,TResult](IQueryable`1 source, Expression`1 selector)
   at TechTest01.Repository.ProductRepository.GetAll() in C:\develop\techtest01-master\techtest01-master\src\TechTest01\TechTest01.Repository\ProductRepository.cs:line 30
   at TechTest01.Services.Catalog.ProductService.GetRandomProducts() in C:\develop\techtest01-master\techtest01-master\src\TechTest01\TechTest01.Services\Catalog\ProductService.cs:line 39
   at TechTest01.Web.Controllers.ProductsController.RandomProductsPartial() in C:\develop\techtest01-master\techtest01-master\src\TechTest01\TechTest01.Web\Controllers\ProductsController.cs:line 29
   at lambda_method(Closure , ControllerBase , Object[] )
   at System.Web.Mvc.ActionMethodDispatcher.Execute(ControllerBase controller, Object[] parameters)
   at System.Web.Mvc.ReflectedActionDescriptor.Execute(ControllerContext controllerContext, IDictionary`2 parameters)
   at System.Web.Mvc.ControllerActionInvoker.InvokeActionMethod(ControllerContext controllerContext, ActionDescriptor actionDescriptor, IDictionary`2 parameters)
   at System.Web.Mvc.Async.AsyncControllerActionInvoker.<BeginInvokeSynchronousActionMethod>b__39(IAsyncResult asyncResult, ActionInvocation innerInvokeState)
   at System.Web.Mvc.Async.AsyncResultWrapper.WrappedAsyncResult`2.CallEndDelegate(IAsyncResult asyncResult)
   at System.Web.Mvc.Async.AsyncResultWrapper.WrappedAsyncResultBase`1.End()
   at System.Web.Mvc.Async.AsyncControllerActionInvoker.EndInvokeActionMethod(IAsyncResult asyncResult)
   at System.Web.Mvc.Async.AsyncControllerActionInvoker.AsyncInvocationWithFilters.<InvokeActionMethodFilterAsynchronouslyRecursive>b__3d()
   at System.Web.Mvc.Async.AsyncControllerActionInvoker.AsyncInvocationWithFilters.<>c__DisplayClass46.<InvokeActionMethodFilterAsynchronouslyRecursive>b__3f()
2016-08-05 00:18:43,905 [5] DEBUG TechTest01 - Controller Called (http://localhost:60511/Products)
2016-08-05 00:18:59,088 [8] DEBUG TechTest01 - Controller Called (http://localhost:60511/)
2016-08-05 00:18:59,106 [8] DEBUG TechTest01 - Controller Called (http://localhost:60511/)
2016-08-05 00:19:11,855 [10] INFO  TechTest01 - Lets log something here
2016-08-05 00:19:11,857 [10] DEBUG TechTest01 - Controller Called (http://localhost:60511/Products)
2016-08-05 00:19:14,572 [7] DEBUG TechTest01 - Controller Called (http://localhost:60511/Product/abc-sports-shorts)
2016-08-05 00:19:17,173 [6] INFO  TechTest01 - Lets log something here
2016-08-05 00:19:17,175 [6] DEBUG TechTest01 - Controller Called (http://localhost:60511/Products)
2016-08-05 00:19:19,402 [6] DEBUG TechTest01 - Controller Called (http://localhost:60511/)
2016-08-05 00:19:19,415 [6] DEBUG TechTest01 - Controller Called (http://localhost:60511/)
2016-08-05 00:19:23,020 [8] DEBUG TechTest01 - Controller Called (http://localhost:60511/)
2016-08-05 00:19:23,027 [8] DEBUG TechTest01 - Controller Called (http://localhost:60511/)
2016-08-05 00:19:24,392 [6] DEBUG TechTest01 - Controller Called (http://localhost:60511/)
2016-08-05 00:19:24,396 [6] DEBUG TechTest01 - Controller Called (http://localhost:60511/)
2016-08-05 00:19:25,719 [7] DEBUG TechTest01 - Controller Called (http://localhost:60511/)
2016-08-05 00:19:25,726 [7] DEBUG TechTest01 - Controller Called (http://localhost:60511/)
2016-08-05 00:20:22,235 [5] DEBUG TechTest01 - Controller Called (http://localhost:60511/Product/abc-jacket)
2016-08-05 00:20:25,091 [8] INFO  TechTest01 - Lets log something here
2016-08-05 00:20:25,092 [8] DEBUG TechTest01 - Controller Called (http://localhost:60511/Products)
2016-08-05 00:20:27,562 [7] DEBUG TechTest01 - Controller Called (http://localhost:60511/Product/abc-sports-shorts)
2016-08-05 00:21:31,880 [6] DEBUG TechTest01 - Controller Called (http://localhost:60511/Product/abc-sports-shorts)
2016-08-05 00:21:43,491 [8] DEBUG TechTest01 - Controller Called (http://localhost:60511/Product/abc-sports-shorts)
2016-08-05 00:22:06,863 [14] DEBUG TechTest01 - Controller Called (http://localhost:60511/Product/abc-sports-shorts)
2016-08-05 00:22:26,877 [11] DEBUG TechTest01 - Controller Called (http://localhost:60511/Product/abc-sports-shorts)
2016-08-05 00:22:39,911 [8] DEBUG TechTest01 - Controller Called (http://localhost:60511/Product/abc-sports-shorts)
2016-08-05 00:23:05,007 [8] INFO  TechTest01 - Lets log something here
2016-08-05 00:23:05,008 [8] DEBUG TechTest01 - Controller Called (http://localhost:60511/Products)
2016-08-05 00:23:24,055 [7] DEBUG TechTest01 - Controller Called (http://localhost:60511/Product/t-shirt)
2016-08-05 00:23:26,180 [8] INFO  TechTest01 - Lets log something here
2016-08-05 00:23:26,183 [8] DEBUG TechTest01 - Controller Called (http://localhost:60511/Products)
2016-08-05 05:29:03,571 [6] DEBUG TechTest01 - Controller Called (http://localhost:60511/Products/Details)
2016-08-05 05:29:03,580 [6] ERROR TechTest01 - Controller Error (http://localhost:60511/Products/Details)
System.InvalidOperationException: Sequence contains no elements
   at System.Linq.Enumerable.Single[TSource](IEnumerable`1 source)
   at System.Data.Entity.Core.Objects.ELinq.ObjectQueryProvider.<GetElementFunction>b__3[TResult](IEnumerable`1 sequence)
   at System.Data.Entity.Core.Objects.ELinq.ObjectQueryProvider.ExecuteSingle[TResult](IEnumerable`1 query, Expression queryRoot)
   at System.Data.Entity.Core.Objects.ELinq.ObjectQueryProvider.System.Linq.IQueryProvider.Execute[TResult](Expression expression)
   at System.Data.Entity.Internal.Linq.DbQueryProvider.Execute[TResult](Expression expression)
   at System.Linq.Queryable.Single[TSource](IQueryable`1 source)
   at TechTest01.Repository.ProductRepository.Get(String slug) in C:\develop\techtest01-master\techtest01-master\src\TechTest01\TechTest01.Repository\ProductRepository.cs:line 40
   at TechTest01.Services.Catalog.ProductService.GetBySlug(String slug) in C:\develop\techtest01-master\techtest01-master\src\TechTest01\TechTest01.Services\Catalog\ProductService.cs:line 28
   at TechTest01.Web.Controllers.ProductsController.Details(String slug) in C:\develop\techtest01-master\techtest01-master\src\TechTest01\TechTest01.Web\Controllers\ProductsController.cs:line 35
   at lambda_method(Closure , ControllerBase , Object[] )
   at System.Web.Mvc.ActionMethodDispatcher.Execute(ControllerBase controller, Object[] parameters)
   at System.Web.Mvc.ReflectedActionDescriptor.Execute(ControllerContext controllerContext, IDictionary`2 parameters)
   at System.Web.Mvc.ControllerActionInvoker.InvokeActionMethod(ControllerContext controllerContext, ActionDescriptor actionDescriptor, IDictionary`2 parameters)
   at System.Web.Mvc.Async.AsyncControllerActionInvoker.<BeginInvokeSynchronousActionMethod>b__39(IAsyncResult asyncResult, ActionInvocation innerInvokeState)
   at System.Web.Mvc.Async.AsyncResultWrapper.WrappedAsyncResult`2.CallEndDelegate(IAsyncResult asyncResult)
   at System.Web.Mvc.Async.AsyncResultWrapper.WrappedAsyncResultBase`1.End()
   at System.Web.Mvc.Async.AsyncControllerActionInvoker.EndInvokeActionMethod(IAsyncResult asyncResult)
   at System.Web.Mvc.Async.AsyncControllerActionInvoker.AsyncInvocationWithFilters.<InvokeActionMethodFilterAsynchronouslyRecursive>b__3d()
   at System.Web.Mvc.Async.AsyncControllerActionInvoker.AsyncInvocationWithFilters.<>c__DisplayClass46.<InvokeActionMethodFilterAsynchronouslyRecursive>b__3f()
2016-08-05 05:29:29,981 [8] DEBUG TechTest01 - Controller Called (http://localhost:60511/)
2016-08-05 05:29:31,027 [8] DEBUG TechTest01 - Controller Called (http://localhost:60511/)
2016-08-05 05:29:39,496 [6] DEBUG TechTest01 - Controller Called (http://localhost:60511/Product/abc-sports-shorts)
2016-08-05 05:29:53,790 [5] INFO  TechTest01 - Lets log something here
2016-08-05 05:29:53,794 [5] DEBUG TechTest01 - Controller Called (http://localhost:60511/Products)
2016-08-05 05:29:57,525 [5] DEBUG TechTest01 - Controller Called (http://localhost:60511/Product/abc-t-shirt)
2016-08-05 06:18:45,956 [52] DEBUG TechTest01 - Controller Called (http://localhost:60511/Product/abc-t-shirt)
2016-08-05 06:18:53,873 [52] INFO  TechTest01 - Product abc-t-shirtxxx does not exist
2016-08-05 06:18:53,875 [52] DEBUG TechTest01 - Controller Called (http://localhost:60511/Product/abc-t-shirtxxx)
2016-08-05 06:18:53,875 [52] ERROR TechTest01 - Controller Error (http://localhost:60511/Product/abc-t-shirtxxx)
System.NullReferenceException: Object reference not set to an instance of an object.
   at TechTest01.Web.Helpers.ModelMapper.ToProductViewModel(Product productDm) in C:\develop\techtest01-master\techtest01-master\src\TechTest01\TechTest01.Web\Helpers\ModelMapper.cs:line 20
   at TechTest01.Web.Controllers.ProductsController.Details(String slug) in C:\develop\techtest01-master\techtest01-master\src\TechTest01\TechTest01.Web\Controllers\ProductsController.cs:line 41
   at lambda_method(Closure , ControllerBase , Object[] )
   at System.Web.Mvc.ActionMethodDispatcher.Execute(ControllerBase controller, Object[] parameters)
   at System.Web.Mvc.ReflectedActionDescriptor.Execute(ControllerContext controllerContext, IDictionary`2 parameters)
   at System.Web.Mvc.ControllerActionInvoker.InvokeActionMethod(ControllerContext controllerContext, ActionDescriptor actionDescriptor, IDictionary`2 parameters)
   at System.Web.Mvc.Async.AsyncControllerActionInvoker.<BeginInvokeSynchronousActionMethod>b__39(IAsyncResult asyncResult, ActionInvocation innerInvokeState)
   at System.Web.Mvc.Async.AsyncResultWrapper.WrappedAsyncResult`2.CallEndDelegate(IAsyncResult asyncResult)
   at System.Web.Mvc.Async.AsyncResultWrapper.WrappedAsyncResultBase`1.End()
   at System.Web.Mvc.Async.AsyncControllerActionInvoker.EndInvokeActionMethod(IAsyncResult asyncResult)
   at System.Web.Mvc.Async.AsyncControllerActionInvoker.AsyncInvocationWithFilters.<InvokeActionMethodFilterAsynchronouslyRecursive>b__3d()
   at System.Web.Mvc.Async.AsyncControllerActionInvoker.AsyncInvocationWithFilters.<>c__DisplayClass46.<InvokeActionMethodFilterAsynchronouslyRecursive>b__3f()
2016-08-05 06:26:16,250 [41] INFO  TechTest01 - Product abc-t-shirtxxx does not exist
2016-08-05 06:26:16,264 [41] DEBUG TechTest01 - Controller Called (http://localhost:60511/Product/abc-t-shirtxxx)
2016-08-05 06:26:38,027 [38] DEBUG TechTest01 - Controller Called (http://localhost:60511/)
2016-08-05 06:26:38,480 [38] DEBUG TechTest01 - Controller Called (http://localhost:60511/)
2016-08-05 06:26:44,885 [34] INFO  TechTest01 - Product abc-t-shirtxxx does not exist
2016-08-05 06:26:44,885 [34] DEBUG TechTest01 - Controller Called (http://localhost:60511/Product/abc-t-shirtxxx)
2016-08-05 06:27:07,177 [38] INFO  TechTest01 - Product abc-t-shirtxxx does not exist
2016-08-05 06:27:27,380 [38] DEBUG TechTest01 - Controller Called (http://localhost:60511/Product/abc-t-shirtxxx)
2016-08-05 06:29:48,363 [35] INFO  TechTest01 - Product abc-t-shirtxxx does not exist
2016-08-05 06:29:48,375 [35] DEBUG TechTest01 - Controller Called (http://localhost:60511/Product/abc-t-shirtxxx)
2016-08-05 06:29:48,376 [35] ERROR TechTest01 - Controller Error (http://localhost:60511/Product/abc-t-shirtxxx)
System.ApplicationException: Product does not exist
   at TechTest01.Web.Controllers.ProductsController.Details(String slug) in C:\develop\techtest01-master\techtest01-master\src\TechTest01\TechTest01.Web\Controllers\ProductsController.cs:line 43
   at lambda_method(Closure , ControllerBase , Object[] )
   at System.Web.Mvc.ActionMethodDispatcher.Execute(ControllerBase controller, Object[] parameters)
   at System.Web.Mvc.ReflectedActionDescriptor.Execute(ControllerContext controllerContext, IDictionary`2 parameters)
   at System.Web.Mvc.ControllerActionInvoker.InvokeActionMethod(ControllerContext controllerContext, ActionDescriptor actionDescriptor, IDictionary`2 parameters)
   at System.Web.Mvc.Async.AsyncControllerActionInvoker.<BeginInvokeSynchronousActionMethod>b__39(IAsyncResult asyncResult, ActionInvocation innerInvokeState)
   at System.Web.Mvc.Async.AsyncResultWrapper.WrappedAsyncResult`2.CallEndDelegate(IAsyncResult asyncResult)
   at System.Web.Mvc.Async.AsyncResultWrapper.WrappedAsyncResultBase`1.End()
   at System.Web.Mvc.Async.AsyncControllerActionInvoker.EndInvokeActionMethod(IAsyncResult asyncResult)
   at System.Web.Mvc.Async.AsyncControllerActionInvoker.AsyncInvocationWithFilters.<InvokeActionMethodFilterAsynchronouslyRecursive>b__3d()
   at System.Web.Mvc.Async.AsyncControllerActionInvoker.AsyncInvocationWithFilters.<>c__DisplayClass46.<InvokeActionMethodFilterAsynchronouslyRecursive>b__3f()
2016-08-05 06:42:03,046 [44] INFO  TechTest01 - Product abc-t-shirtxxx does not exist
2016-08-05 06:42:03,057 [44] DEBUG TechTest01 - Controller Called (http://localhost:60511/Product/abc-t-shirtxxx)
2016-08-05 06:42:03,057 [44] ERROR TechTest01 - Controller Error (http://localhost:60511/Product/abc-t-shirtxxx)
System.ApplicationException: Product does not exist
   at TechTest01.Web.Controllers.ProductsController.Details(String slug) in C:\develop\techtest01-master\techtest01-master\src\TechTest01\TechTest01.Web\Controllers\ProductsController.cs:line 43
   at lambda_method(Closure , ControllerBase , Object[] )
   at System.Web.Mvc.ActionMethodDispatcher.Execute(ControllerBase controller, Object[] parameters)
   at System.Web.Mvc.ReflectedActionDescriptor.Execute(ControllerContext controllerContext, IDictionary`2 parameters)
   at System.Web.Mvc.ControllerActionInvoker.InvokeActionMethod(ControllerContext controllerContext, ActionDescriptor actionDescriptor, IDictionary`2 parameters)
   at System.Web.Mvc.Async.AsyncControllerActionInvoker.<BeginInvokeSynchronousActionMethod>b__39(IAsyncResult asyncResult, ActionInvocation innerInvokeState)
   at System.Web.Mvc.Async.AsyncResultWrapper.WrappedAsyncResult`2.CallEndDelegate(IAsyncResult asyncResult)
   at System.Web.Mvc.Async.AsyncResultWrapper.WrappedAsyncResultBase`1.End()
   at System.Web.Mvc.Async.AsyncControllerActionInvoker.EndInvokeActionMethod(IAsyncResult asyncResult)
   at System.Web.Mvc.Async.AsyncControllerActionInvoker.AsyncInvocationWithFilters.<InvokeActionMethodFilterAsynchronouslyRecursive>b__3d()
   at System.Web.Mvc.Async.AsyncControllerActionInvoker.AsyncInvocationWithFilters.<>c__DisplayClass46.<InvokeActionMethodFilterAsynchronouslyRecursive>b__3f()
2016-08-05 06:42:03,087 [27] DEBUG TechTest01 - Controller Called (http://localhost:60511/Error?aspxerrorpath=/Product/abc-t-shirtxxx)
2016-08-05 06:43:12,375 [26] DEBUG TechTest01 - Controller Called (http://localhost:60511/Errorx?aspxerrorpath=/Product/abc-t-shirtxxx)
2016-08-05 06:43:26,870 [26] DEBUG TechTest01 - Controller Called (http://localhost:60511/Product/abc-t-shirt)
2016-08-05 06:44:10,121 [27] DEBUG TechTest01 - Controller Called (http://localhost:60511/errorx)
2016-08-05 06:44:47,525 [27] DEBUG TechTest01 - Controller Called (http://localhost:60511/Errorx)
2016-08-05 06:45:00,349 [28] DEBUG TechTest01 - Controller Called (http://localhost:60511/Errorx)
2016-08-05 06:46:23,830 [28] DEBUG TechTest01 - Controller Called (http://localhost:60511/bla)
2016-08-05 06:49:45,100 [27] DEBUG TechTest01 - Controller Called (http://localhost:60511/xError/)
2016-08-05 06:51:01,529 [28] DEBUG TechTest01 - Controller Called (http://localhost:60511/xError/)
2016-08-05 06:51:17,602 [46] DEBUG TechTest01 - Controller Called (http://localhost:60511/xError/?jkgggh)
2016-08-05 06:52:18,639 [46] DEBUG TechTest01 - Controller Called (http://localhost:60511/Error)
2016-08-05 06:52:30,822 [28] DEBUG TechTest01 - Controller Called (http://localhost:60511/Error?aspxerrorpath=/Errorx)
2016-08-05 06:52:58,606 [26] INFO  TechTest01 - Product abc-t-shirtxxxx does not exist
2016-08-05 06:52:58,609 [26] DEBUG TechTest01 - Controller Called (http://localhost:60511/Product/abc-t-shirtxxxx)
2016-08-05 06:52:58,609 [26] ERROR TechTest01 - Controller Error (http://localhost:60511/Product/abc-t-shirtxxxx)
System.ApplicationException: Product does not exist
   at TechTest01.Web.Controllers.ProductsController.Details(String slug) in C:\develop\techtest01-master\techtest01-master\src\TechTest01\TechTest01.Web\Controllers\ProductsController.cs:line 43
   at lambda_method(Closure , ControllerBase , Object[] )
   at System.Web.Mvc.ActionMethodDispatcher.Execute(ControllerBase controller, Object[] parameters)
   at System.Web.Mvc.ReflectedActionDescriptor.Execute(ControllerContext controllerContext, IDictionary`2 parameters)
   at System.Web.Mvc.ControllerActionInvoker.InvokeActionMethod(ControllerContext controllerContext, ActionDescriptor actionDescriptor, IDictionary`2 parameters)
   at System.Web.Mvc.Async.AsyncControllerActionInvoker.<BeginInvokeSynchronousActionMethod>b__39(IAsyncResult asyncResult, ActionInvocation innerInvokeState)
   at System.Web.Mvc.Async.AsyncResultWrapper.WrappedAsyncResult`2.CallEndDelegate(IAsyncResult asyncResult)
   at System.Web.Mvc.Async.AsyncResultWrapper.WrappedAsyncResultBase`1.End()
   at System.Web.Mvc.Async.AsyncControllerActionInvoker.EndInvokeActionMethod(IAsyncResult asyncResult)
   at System.Web.Mvc.Async.AsyncControllerActionInvoker.AsyncInvocationWithFilters.<InvokeActionMethodFilterAsynchronouslyRecursive>b__3d()
   at System.Web.Mvc.Async.AsyncControllerActionInvoker.AsyncInvocationWithFilters.<>c__DisplayClass46.<InvokeActionMethodFilterAsynchronouslyRecursive>b__3f()
2016-08-05 06:52:58,625 [42] DEBUG TechTest01 - Controller Called (http://localhost:60511/Error?aspxerrorpath=/Product/abc-t-shirtxxxx)
2016-08-05 06:53:26,701 [21] DEBUG TechTest01 - Controller Called (http://localhost:60511/Error?aspxerrorpath=/Product/abc-t-shirtxxxx)
2016-08-05 06:53:58,703 [46] DEBUG TechTest01 - Controller Called (http://localhost:60511/Error?aspxerrorpath=/Product/abc-t-shirtxxxx)
2016-08-05 06:54:02,849 [27] DEBUG TechTest01 - Controller Called (http://localhost:60511/Error?aspxerrorpath=/Product/abc-t-shirtxxxx)
2016-08-05 06:55:22,479 [28] DEBUG TechTest01 - Controller Called (http://localhost:60511/Error?aspxerrorpath=/Product/abc-t-shirtxxxx)
2016-08-05 06:55:51,675 [28] DEBUG TechTest01 - Controller Called (http://localhost:60511/Error?aspxerrorpath=/Product/abc-t-shirtxxxx)
2016-08-05 06:56:03,880 [27] INFO  TechTest01 - Product abc-t-shirtxxx does not exist
2016-08-05 06:56:03,883 [27] DEBUG TechTest01 - Controller Called (http://localhost:60511/Product/abc-t-shirtxxx)
2016-08-05 06:56:03,883 [27] ERROR TechTest01 - Controller Error (http://localhost:60511/Product/abc-t-shirtxxx)
System.ApplicationException: Product does not exist
   at TechTest01.Web.Controllers.ProductsController.Details(String slug) in C:\develop\techtest01-master\techtest01-master\src\TechTest01\TechTest01.Web\Controllers\ProductsController.cs:line 43
   at lambda_method(Closure , ControllerBase , Object[] )
   at System.Web.Mvc.ActionMethodDispatcher.Execute(ControllerBase controller, Object[] parameters)
   at System.Web.Mvc.ReflectedActionDescriptor.Execute(ControllerContext controllerContext, IDictionary`2 parameters)
   at System.Web.Mvc.ControllerActionInvoker.InvokeActionMethod(ControllerContext controllerContext, ActionDescriptor actionDescriptor, IDictionary`2 parameters)
   at System.Web.Mvc.Async.AsyncControllerActionInvoker.<BeginInvokeSynchronousActionMethod>b__39(IAsyncResult asyncResult, ActionInvocation innerInvokeState)
   at System.Web.Mvc.Async.AsyncResultWrapper.WrappedAsyncResult`2.CallEndDelegate(IAsyncResult asyncResult)
   at System.Web.Mvc.Async.AsyncResultWrapper.WrappedAsyncResultBase`1.End()
   at System.Web.Mvc.Async.AsyncControllerActionInvoker.EndInvokeActionMethod(IAsyncResult asyncResult)
   at System.Web.Mvc.Async.AsyncControllerActionInvoker.AsyncInvocationWithFilters.<InvokeActionMethodFilterAsynchronouslyRecursive>b__3d()
   at System.Web.Mvc.Async.AsyncControllerActionInvoker.AsyncInvocationWithFilters.<>c__DisplayClass46.<InvokeActionMethodFilterAsynchronouslyRecursive>b__3f()
2016-08-05 06:56:03,902 [26] DEBUG TechTest01 - Controller Called (http://localhost:60511/Error?aspxerrorpath=/Product/abc-t-shirtxxx)
2016-08-05 07:01:01,567 [28] DEBUG TechTest01 - Controller Called (http://localhost:60511/Error?aspxerrorpath=/Product/abc-t-shirtxxx)
2016-08-05 07:01:20,445 [42] DEBUG TechTest01 - Controller Called (http://localhost:60511/Error?aspxerrorpath=/Product/abc-t-shirtxxx)
2016-08-05 07:01:32,802 [28] DEBUG TechTest01 - Controller Called (http://localhost:60511/Error?aspxerrorpath=/Product/abc-t-shirtxxx)
2016-08-05 07:01:42,858 [24] DEBUG TechTest01 - Controller Called (http://localhost:60511/Error?aspxerrorpath=/Product/abc-t-shirtxxx)
2016-08-05 07:01:53,171 [42] DEBUG TechTest01 - Controller Called (http://localhost:60511/Error?aspxerrorpath=/Product/abc-t-shirtxxx)
2016-08-05 07:02:03,223 [24] DEBUG TechTest01 - Controller Called (http://localhost:60511/Error)
2016-08-05 07:03:38,248 [28] INFO  TechTest01 - Product abc-t-shirtxxx does not exist
2016-08-05 07:03:38,248 [28] DEBUG TechTest01 - Controller Called (http://localhost:60511/Product/abc-t-shirtxxx)
2016-08-05 07:03:38,248 [28] ERROR TechTest01 - Controller Error (http://localhost:60511/Product/abc-t-shirtxxx)
System.ApplicationException: Product does not exist
   at TechTest01.Web.Controllers.ProductsController.Details(String slug) in C:\develop\techtest01-master\techtest01-master\src\TechTest01\TechTest01.Web\Controllers\ProductsController.cs:line 43
   at lambda_method(Closure , ControllerBase , Object[] )
   at System.Web.Mvc.ActionMethodDispatcher.Execute(ControllerBase controller, Object[] parameters)
   at System.Web.Mvc.ReflectedActionDescriptor.Execute(ControllerContext controllerContext, IDictionary`2 parameters)
   at System.Web.Mvc.ControllerActionInvoker.InvokeActionMethod(ControllerContext controllerContext, ActionDescriptor actionDescriptor, IDictionary`2 parameters)
   at System.Web.Mvc.Async.AsyncControllerActionInvoker.<BeginInvokeSynchronousActionMethod>b__39(IAsyncResult asyncResult, ActionInvocation innerInvokeState)
   at System.Web.Mvc.Async.AsyncResultWrapper.WrappedAsyncResult`2.CallEndDelegate(IAsyncResult asyncResult)
   at System.Web.Mvc.Async.AsyncResultWrapper.WrappedAsyncResultBase`1.End()
   at System.Web.Mvc.Async.AsyncControllerActionInvoker.EndInvokeActionMethod(IAsyncResult asyncResult)
   at System.Web.Mvc.Async.AsyncControllerActionInvoker.AsyncInvocationWithFilters.<InvokeActionMethodFilterAsynchronouslyRecursive>b__3d()
   at System.Web.Mvc.Async.AsyncControllerActionInvoker.AsyncInvocationWithFilters.<>c__DisplayClass46.<InvokeActionMethodFilterAsynchronouslyRecursive>b__3f()
2016-08-05 07:03:38,259 [28] DEBUG TechTest01 - Controller Called (http://localhost:60511/Error?aspxerrorpath=/Product/abc-t-shirtxxx)
2016-08-05 07:05:32,794 [21] INFO  TechTest01 - Product abc-t-shirtxxxx does not exist
2016-08-05 07:05:32,805 [21] DEBUG TechTest01 - Controller Called (http://localhost:60511/Product/abc-t-shirtxxxx)
2016-08-05 07:05:32,805 [21] ERROR TechTest01 - Controller Error (http://localhost:60511/Product/abc-t-shirtxxxx)
System.ApplicationException: Product does not exist
   at TechTest01.Web.Controllers.ProductsController.Details(String slug) in C:\develop\techtest01-master\techtest01-master\src\TechTest01\TechTest01.Web\Controllers\ProductsController.cs:line 43
   at lambda_method(Closure , ControllerBase , Object[] )
   at System.Web.Mvc.ActionMethodDispatcher.Execute(ControllerBase controller, Object[] parameters)
   at System.Web.Mvc.ReflectedActionDescriptor.Execute(ControllerContext controllerContext, IDictionary`2 parameters)
   at System.Web.Mvc.ControllerActionInvoker.InvokeActionMethod(ControllerContext controllerContext, ActionDescriptor actionDescriptor, IDictionary`2 parameters)
   at System.Web.Mvc.Async.AsyncControllerActionInvoker.<BeginInvokeSynchronousActionMethod>b__39(IAsyncResult asyncResult, ActionInvocation innerInvokeState)
   at System.Web.Mvc.Async.AsyncResultWrapper.WrappedAsyncResult`2.CallEndDelegate(IAsyncResult asyncResult)
   at System.Web.Mvc.Async.AsyncResultWrapper.WrappedAsyncResultBase`1.End()
   at System.Web.Mvc.Async.AsyncControllerActionInvoker.EndInvokeActionMethod(IAsyncResult asyncResult)
   at System.Web.Mvc.Async.AsyncControllerActionInvoker.AsyncInvocationWithFilters.<InvokeActionMethodFilterAsynchronouslyRecursive>b__3d()
   at System.Web.Mvc.Async.AsyncControllerActionInvoker.AsyncInvocationWithFilters.<>c__DisplayClass46.<InvokeActionMethodFilterAsynchronouslyRecursive>b__3f()
2016-08-05 07:05:32,849 [29] DEBUG TechTest01 - Controller Called (http://localhost:60511/Error?aspxerrorpath=/Product/abc-t-shirtxxxx)
2016-08-05 07:05:47,216 [29] DEBUG TechTest01 - Controller Called (http://localhost:60511/Product/abc-t-shirt)
2016-08-05 07:05:54,018 [29] INFO  TechTest01 - Product abc-t-shirtxxxx does not exist
2016-08-05 07:05:54,021 [29] DEBUG TechTest01 - Controller Called (http://localhost:60511/Product/abc-t-shirtxxxx)
2016-08-05 07:05:54,021 [29] ERROR TechTest01 - Controller Error (http://localhost:60511/Product/abc-t-shirtxxxx)
System.ApplicationException: Product does not exist
   at TechTest01.Web.Controllers.ProductsController.Details(String slug) in C:\develop\techtest01-master\techtest01-master\src\TechTest01\TechTest01.Web\Controllers\ProductsController.cs:line 43
   at lambda_method(Closure , ControllerBase , Object[] )
   at System.Web.Mvc.ActionMethodDispatcher.Execute(ControllerBase controller, Object[] parameters)
   at System.Web.Mvc.ReflectedActionDescriptor.Execute(ControllerContext controllerContext, IDictionary`2 parameters)
   at System.Web.Mvc.ControllerActionInvoker.InvokeActionMethod(ControllerContext controllerContext, ActionDescriptor actionDescriptor, IDictionary`2 parameters)
   at System.Web.Mvc.Async.AsyncControllerActionInvoker.<BeginInvokeSynchronousActionMethod>b__39(IAsyncResult asyncResult, ActionInvocation innerInvokeState)
   at System.Web.Mvc.Async.AsyncResultWrapper.WrappedAsyncResult`2.CallEndDelegate(IAsyncResult asyncResult)
   at System.Web.Mvc.Async.AsyncResultWrapper.WrappedAsyncResultBase`1.End()
   at System.Web.Mvc.Async.AsyncControllerActionInvoker.EndInvokeActionMethod(IAsyncResult asyncResult)
   at System.Web.Mvc.Async.AsyncControllerActionInvoker.AsyncInvocationWithFilters.<InvokeActionMethodFilterAsynchronouslyRecursive>b__3d()
   at System.Web.Mvc.Async.AsyncControllerActionInvoker.AsyncInvocationWithFilters.<>c__DisplayClass46.<InvokeActionMethodFilterAsynchronouslyRecursive>b__3f()
2016-08-05 07:05:54,041 [21] DEBUG TechTest01 - Controller Called (http://localhost:60511/Error?aspxerrorpath=/Product/abc-t-shirtxxxx)
2016-08-05 07:15:07,029 [6] DEBUG TechTest01 - Controller Called (http://localhost:60511/)
2016-08-05 07:15:08,974 [6] DEBUG TechTest01 - Controller Called (http://localhost:60511/)
2016-08-05 07:15:13,532 [7] INFO  TechTest01 - Lets log something here
2016-08-05 07:15:13,536 [7] DEBUG TechTest01 - Controller Called (http://localhost:60511/Products)
2016-08-05 07:15:15,803 [7] DEBUG TechTest01 - Controller Called (http://localhost:60511/Product/mens-xyz-jacket)
